<?xml version="1.0" encoding="UTF-8"?>
<!-- Generated by org.testng.reporters.JUnitXMLReporter -->
<testsuite ignored="0" hostname="LAPTOP-5KMFOFH9" failures="0" tests="4" name="Default test" time="0.114" errors="0" timestamp="2024-11-22T19:49:12 IST">
  <testcase classname="com.DataDrivenTesting.DataDrivenUsingArray" name="loginTest" time="0.011"/>
  <testcase classname="com.DataDrivenTesting.DataDrivenUsingArray" name="loginTest" time="0.002"/>
  <testcase classname="com.DataDrivenTesting.DataDrivenUsingArray" name="loginTest" time="0.003"/>
  <testcase classname="com.DataDrivenTesting.DataDrivenUsingArray" name="loginTest" time="0.002"/>
</testsuite> <!-- Default test -->
