<?xml version="1.0" encoding="UTF-8"?>
<!-- Generated by org.testng.reporters.JUnitXMLReporter -->
<testsuite ignored="0" hostname="LAPTOP-5KMFOFH9" failures="0" tests="3" name="Default test" time="4.744" errors="0" timestamp="2024-11-27T19:39:23 IST">
  <testcase classname="com.SwagLab.TestCases.LoginPageTest" name="validateUrl" time="0.021"/>
  <testcase classname="com.SwagLab.TestCases.LoginPageTest" name="validateTitle" time="0.015"/>
  <testcase classname="com.SwagLab.TestCases.LoginPageTest" name="validateLogin" time="0.744"/>
</testsuite> <!-- Default test -->
