<?xml version="1.0" encoding="UTF-8"?>
<!-- Generated by org.testng.reporters.JUnitXMLReporter -->
<testsuite ignored="0" hostname="LAPTOP-5KMFOFH9" failures="0" tests="3" name="CartTest" time="13.966" errors="0" timestamp="2024-11-28T20:01:56 IST">
  <testcase classname="com.SwagLab.TestCases.CartTest" name="validateProductRemove" time="0.161"/>
  <testcase classname="com.SwagLab.TestCases.CartTest" name="validateContinueShopping" time="5.086"/>
  <testcase classname="com.SwagLab.TestCases.CartTest" name="validateLaunchingOfCheckOutPage" time="0.226"/>
</testsuite> <!-- CartTest -->
