<?xml version="1.0" encoding="UTF-8"?>
<!-- Generated by org.testng.reporters.JUnitXMLReporter -->
<testsuite ignored="0" hostname="LAPTOP-5KMFOFH9" failures="0" tests="3" name="CartTest" time="13.739" errors="0" timestamp="2024-12-05T20:19:27 IST">
  <testcase classname="com.SwagLab.TestCases.CartTest" name="validateProductRemove" time="0.14"/>
  <testcase classname="com.SwagLab.TestCases.CartTest" name="validateContinueShopping" time="5.01"/>
  <testcase classname="com.SwagLab.TestCases.CartTest" name="validateLaunchingOfCheckOutPage" time="0.146"/>
</testsuite> <!-- CartTest -->
