<?xml version="1.0" encoding="UTF-8"?>
<!-- Generated by org.testng.reporters.JUnitXMLReporter -->
<testsuite ignored="0" hostname="LAPTOP-5KMFOFH9" failures="0" tests="4" name="InventoryTest" time="4.044" errors="0" timestamp="2024-11-28T20:01:42 IST">
  <testcase classname="com.SwagLab.TestCases.InventoryTest" name="validateTotalProducts" time="0.029"/>
  <testcase classname="com.SwagLab.TestCases.InventoryTest" name="validateProductsDetails" time="0.159"/>
  <testcase classname="com.SwagLab.TestCases.InventoryTest" name="validateAddTocartFeature" time="0.348"/>
  <testcase classname="com.SwagLab.TestCases.InventoryTest" name="validateLaunchingOfCartPage" time="0.129"/>
</testsuite> <!-- InventoryTest -->
