<?xml version="1.0" encoding="UTF-8"?>
<!-- Generated by org.testng.reporters.JUnitXMLReporter -->
<testsuite ignored="0" hostname="LAPTOP-5KMFOFH9" failures="0" tests="4" name="InventoryTest" time="6.601" errors="0" timestamp="2024-12-05T20:19:13 IST">
  <testcase classname="com.SwagLab.TestCases.InventoryTest" name="validateTotalProducts" time="0.03"/>
  <testcase classname="com.SwagLab.TestCases.InventoryTest" name="validateProductsDetails" time="0.134"/>
  <testcase classname="com.SwagLab.TestCases.InventoryTest" name="validateAddTocartFeature" time="0.28"/>
  <testcase classname="com.SwagLab.TestCases.InventoryTest" name="validateLaunchingOfCartPage" time="0.134"/>
</testsuite> <!-- InventoryTest -->
