<?xml version="1.0" encoding="UTF-8"?>
<!-- Generated by org.testng.reporters.JUnitXMLReporter -->
<testsuite ignored="0" hostname="LAPTOP-5KMFOFH9" failures="0" tests="3" name="LoginTest" time="4.272" errors="0" timestamp="2024-11-28T20:01:38 IST">
  <testcase classname="com.SwagLab.TestCases.LoginPageTest" name="validateUrl" time="0.037"/>
  <testcase classname="com.SwagLab.TestCases.LoginPageTest" name="validateTitle" time="0.018"/>
  <testcase classname="com.SwagLab.TestCases.LoginPageTest" name="validateLogin" time="0.816"/>
</testsuite> <!-- LoginTest -->
