<?xml version="1.0" encoding="UTF-8"?>
<!-- Generated by org.testng.reporters.JUnitXMLReporter -->
<testsuite ignored="0" hostname="LAPTOP-5KMFOFH9" failures="0" tests="4" name="Test" time="0.075" errors="0" timestamp="2024-11-18T19:44:45 IST">
  <testcase classname="com.TestNG.Annotation.ClassA" name="testCase1" time="0.008"/>
  <testcase classname="com.TestNG.Annotation.ClassA" name="testCase2" time="0.001"/>
  <testcase classname="com.TestNG.Annotation.ClassB" name="testCase3" time="0.001"/>
  <testcase classname="com.TestNG.Annotation.ClassB" name="testCase4" time="0.001"/>
</testsuite> <!-- Test -->
