<?xml version="1.0" encoding="UTF-8"?>
<!-- Generated by org.testng.reporters.JUnitXMLReporter -->
<testsuite ignored="0" hostname="LAPTOP-5KMFOFH9" failures="0" tests="4" name="Test1" time="0.086" errors="0" timestamp="2024-11-18T19:45:42 IST">
  <testcase classname="com.TestNG.Annotation.ClassA" name="testCase1" time="0.007"/>
  <testcase classname="com.TestNG.Annotation.ClassA" name="testCase2" time="0.001"/>
  <testcase classname="com.TestNG.Annotation.ClassB" name="testCase3" time="0.002"/>
  <testcase classname="com.TestNG.Annotation.ClassB" name="testCase4" time="0.001"/>
</testsuite> <!-- Test1 -->
