<?xml version="1.0" encoding="UTF-8"?>
<!-- Generated by org.testng.reporters.JUnitXMLReporter -->
<testsuite ignored="0" hostname="LAPTOP-5KMFOFH9" failures="1" tests="2" name="Test" time="0.102" errors="0" timestamp="2024-12-05T20:17:16 IST">
  <testcase classname="com.testReports.TestAutomation" name="RegisterTest" time="0.021"/>
  <testcase classname="com.testReports.TestAutomation" name="LoginTest" time="0.002">
    <failure type="java.lang.AssertionError" message="expected:&amp;lt;true&amp;gt; but was:&amp;lt;false&amp;gt;">
      <![CDATA[java.lang.AssertionError: expected:<true> but was:<false>
at com.testReports.TestAutomation.LoginTest(TestAutomation.java:25)
at java.base/java.util.ArrayList.forEach(ArrayList.java:1511)
... Removed 32 stack frames]]>
    </failure>
  </testcase> <!-- LoginTest -->
</testsuite> <!-- Test -->
