<?xml version="1.0" encoding="UTF-8"?>
<!-- Generated by org.testng.reporters.JUnitXMLReporter -->
<testsuite ignored="0" hostname="LAPTOP-5KMFOFH9" failures="0" tests="3" name="CartTest" time="14.1" errors="0" timestamp="2024-12-03T19:39:49 IST">
  <testcase classname="com.SwagLab.TestCases.CartTest" name="validateProductRemove" time="0.125"/>
  <testcase classname="com.SwagLab.TestCases.CartTest" name="validateContinueShopping" time="4.997"/>
  <testcase classname="com.SwagLab.TestCases.CartTest" name="validateLaunchingOfCheckOutPage" time="0.122"/>
</testsuite> <!-- CartTest -->
