<?xml version="1.0" encoding="UTF-8"?>
<!-- Generated by org.testng.reporters.JUnitXMLReporter -->
<testsuite ignored="0" hostname="LAPTOP-5KMFOFH9" failures="0" tests="4" name="InventoryTest" time="4.279" errors="0" timestamp="2024-12-03T19:39:35 IST">
  <testcase classname="com.SwagLab.TestCases.InventoryTest" name="validateTotalProducts" time="0.033"/>
  <testcase classname="com.SwagLab.TestCases.InventoryTest" name="validateProductsDetails" time="0.17"/>
  <testcase classname="com.SwagLab.TestCases.InventoryTest" name="validateAddTocartFeature" time="0.398"/>
  <testcase classname="com.SwagLab.TestCases.InventoryTest" name="validateLaunchingOfCartPage" time="0.137"/>
</testsuite> <!-- InventoryTest -->
