<?xml version="1.0" encoding="UTF-8"?>
<!-- Generated by org.testng.reporters.JUnitXMLReporter -->
<testsuite ignored="0" hostname="LAPTOP-5KMFOFH9" failures="0" tests="3" name="LoginTest" time="4.072" errors="0" timestamp="2024-12-03T19:39:31 IST">
  <testcase classname="com.SwagLab.TestCases.LoginPageTest" name="validateUrl" time="0.018"/>
  <testcase classname="com.SwagLab.TestCases.LoginPageTest" name="validateTitle" time="0.022"/>
  <testcase classname="com.SwagLab.TestCases.LoginPageTest" name="validateLogin" time="0.731"/>
</testsuite> <!-- LoginTest -->
