<?xml version="1.0" encoding="UTF-8"?>
<testng-results ignored="0" total="10" passed="10" failed="0" skipped="0">
  <reporter-output>
  </reporter-output>
  <suite started-at="2024-12-03T19:39:27 IST" name="Suite" finished-at="2024-12-03T19:39:49 IST" duration-ms="22496">
    <groups>
    </groups>
    <test started-at="2024-12-03T19:39:27 IST" name="LoginTest" finished-at="2024-12-03T19:39:31 IST" duration-ms="4072">
      <class name="com.SwagLab.TestCases.LoginPageTest">
        <test-method is-config="true" signature="setUp()[pri:0, instance:com.SwagLab.TestCases.LoginPageTest@30ee2816]" started-at="2024-12-03T19:39:27 IST" name="setUp" finished-at="2024-12-03T19:39:30 IST" duration-ms="3231" status="PASS">
          <reporter-output>
          </reporter-output>
        </test-method> <!-- setUp -->
        <test-method signature="validateUrl()[pri:1, instance:com.SwagLab.TestCases.LoginPageTest@30ee2816]" started-at="2024-12-03T19:39:30 IST" name="validateUrl" finished-at="2024-12-03T19:39:30 IST" duration-ms="18" status="PASS">
          <reporter-output>
          </reporter-output>
        </test-method> <!-- validateUrl -->
        <test-method signature="validateTitle()[pri:2, instance:com.SwagLab.TestCases.LoginPageTest@30ee2816]" started-at="2024-12-03T19:39:30 IST" name="validateTitle" finished-at="2024-12-03T19:39:30 IST" duration-ms="22" status="PASS">
          <reporter-output>
          </reporter-output>
        </test-method> <!-- validateTitle -->
        <test-method signature="validateLogin()[pri:3, instance:com.SwagLab.TestCases.LoginPageTest@30ee2816]" started-at="2024-12-03T19:39:30 IST" name="validateLogin" finished-at="2024-12-03T19:39:31 IST" duration-ms="731" status="PASS">
          <reporter-output>
          </reporter-output>
        </test-method> <!-- validateLogin -->
      </class> <!-- com.SwagLab.TestCases.LoginPageTest -->
    </test> <!-- LoginTest -->
    <test started-at="2024-12-03T19:39:31 IST" name="InventoryTest" finished-at="2024-12-03T19:39:35 IST" duration-ms="4279">
      <class name="com.SwagLab.TestCases.InventoryTest">
        <test-method is-config="true" signature="setUp()[pri:0, instance:com.SwagLab.TestCases.InventoryTest@498d318c]" started-at="2024-12-03T19:39:31 IST" name="setUp" finished-at="2024-12-03T19:39:34 IST" duration-ms="2520" status="PASS">
          <reporter-output>
          </reporter-output>
        </test-method> <!-- setUp -->
        <test-method is-config="true" signature="pageSetup()[pri:0, instance:com.SwagLab.TestCases.InventoryTest@498d318c]" started-at="2024-12-03T19:39:34 IST" name="pageSetup" finished-at="2024-12-03T19:39:35 IST" duration-ms="1015" status="PASS">
          <reporter-output>
          </reporter-output>
        </test-method> <!-- pageSetup -->
        <test-method signature="validateTotalProducts()[pri:1, instance:com.SwagLab.TestCases.InventoryTest@498d318c]" started-at="2024-12-03T19:39:35 IST" name="validateTotalProducts" finished-at="2024-12-03T19:39:35 IST" duration-ms="33" status="PASS">
          <reporter-output>
          </reporter-output>
        </test-method> <!-- validateTotalProducts -->
        <test-method signature="validateProductsDetails()[pri:2, instance:com.SwagLab.TestCases.InventoryTest@498d318c]" started-at="2024-12-03T19:39:35 IST" name="validateProductsDetails" finished-at="2024-12-03T19:39:35 IST" duration-ms="170" status="PASS">
          <reporter-output>
          </reporter-output>
        </test-method> <!-- validateProductsDetails -->
        <test-method signature="validateAddTocartFeature()[pri:3, instance:com.SwagLab.TestCases.InventoryTest@498d318c]" started-at="2024-12-03T19:39:35 IST" name="validateAddTocartFeature" finished-at="2024-12-03T19:39:35 IST" duration-ms="398" status="PASS">
          <reporter-output>
          </reporter-output>
        </test-method> <!-- validateAddTocartFeature -->
        <test-method signature="validateLaunchingOfCartPage()[pri:4, instance:com.SwagLab.TestCases.InventoryTest@498d318c]" started-at="2024-12-03T19:39:35 IST" name="validateLaunchingOfCartPage" finished-at="2024-12-03T19:39:35 IST" duration-ms="137" status="PASS">
          <reporter-output>
          </reporter-output>
        </test-method> <!-- validateLaunchingOfCartPage -->
      </class> <!-- com.SwagLab.TestCases.InventoryTest -->
    </test> <!-- InventoryTest -->
    <test started-at="2024-12-03T19:39:35 IST" name="CartTest" finished-at="2024-12-03T19:39:49 IST" duration-ms="14100">
      <class name="com.SwagLab.TestCases.CartTest">
        <test-method is-config="true" signature="setUp()[pri:0, instance:com.SwagLab.TestCases.CartTest@32eff876]" started-at="2024-12-03T19:39:35 IST" name="setUp" finished-at="2024-12-03T19:39:38 IST" duration-ms="2928" status="PASS">
          <reporter-output>
          </reporter-output>
        </test-method> <!-- setUp -->
        <test-method is-config="true" signature="pageSetup()[pri:0, instance:com.SwagLab.TestCases.CartTest@32eff876]" started-at="2024-12-03T19:39:38 IST" name="pageSetup" finished-at="2024-12-03T19:39:44 IST" duration-ms="5923" status="PASS">
          <reporter-output>
          </reporter-output>
        </test-method> <!-- pageSetup -->
        <test-method signature="validateProductRemove()[pri:1, instance:com.SwagLab.TestCases.CartTest@32eff876]" started-at="2024-12-03T19:39:44 IST" name="validateProductRemove" finished-at="2024-12-03T19:39:44 IST" duration-ms="125" status="PASS">
          <reporter-output>
          </reporter-output>
        </test-method> <!-- validateProductRemove -->
        <test-method signature="validateContinueShopping()[pri:2, instance:com.SwagLab.TestCases.CartTest@32eff876]" started-at="2024-12-03T19:39:44 IST" name="validateContinueShopping" finished-at="2024-12-03T19:39:49 IST" duration-ms="4997" status="PASS">
          <reporter-output>
          </reporter-output>
        </test-method> <!-- validateContinueShopping -->
        <test-method signature="validateLaunchingOfCheckOutPage()[pri:3, instance:com.SwagLab.TestCases.CartTest@32eff876]" started-at="2024-12-03T19:39:49 IST" name="validateLaunchingOfCheckOutPage" finished-at="2024-12-03T19:39:49 IST" duration-ms="122" status="PASS">
          <reporter-output>
          </reporter-output>
        </test-method> <!-- validateLaunchingOfCheckOutPage -->
      </class> <!-- com.SwagLab.TestCases.CartTest -->
    </test> <!-- CartTest -->
  </suite> <!-- Suite -->
</testng-results>
