<?xml version="1.0" encoding="UTF-8"?>
<testng-results ignored="0" total="1" passed="1" failed="0" skipped="0">
  <reporter-output>
  </reporter-output>
  <suite started-at="2024-11-26T19:22:24 IST" name="Default suite" finished-at="2024-11-26T19:22:31 IST" duration-ms="7517">
    <groups>
    </groups>
    <test started-at="2024-11-26T19:22:24 IST" name="Default test" finished-at="2024-11-26T19:22:31 IST" duration-ms="7517">
      <class name="com.ActionsClass.RightClickAction">
        <test-method signature="testAction()[pri:0, instance:com.ActionsClass.RightClickAction@58d75e99]" started-at="2024-11-26T19:22:24 IST" name="testAction" finished-at="2024-11-26T19:22:31 IST" duration-ms="7454" status="PASS">
          <reporter-output>
          </reporter-output>
        </test-method> <!-- testAction -->
      </class> <!-- com.ActionsClass.RightClickAction -->
    </test> <!-- Default test -->
  </suite> <!-- Default suite -->
</testng-results>
